<?xml version="1.0" encoding="utf-8"?><testsuites name="pytest tests"><testsuite name="pytest" errors="0" failures="1" skipped="0" tests="11" time="8.150" timestamp="2026-04-29T14:56:09.351191+00:00" hostname="agent-env-92e2a43d-c17a-4e1f-ae54-ebfd76df59fa"><testcase classname="backend.tests.test_feiradacasa" name="test_login_admin" time="0.445" /><testcase classname="backend.tests.test_feiradacasa" name="test_me" time="0.378" /><testcase classname="backend.tests.test_feiradacasa" name="test_login_bad" time="0.103" /><testcase classname="backend.tests.test_feiradacasa" name="test_seeded_products" time="0.051" /><testcase classname="backend.tests.test_feiradacasa" name="test_product_crud" time="0.288" /><testcase classname="backend.tests.test_feiradacasa" name="test_shopping_list" time="0.223" /><testcase classname="backend.tests.test_feiradacasa" name="test_recipes_suggest" time="5.656" /><testcase classname="backend.tests.test_feiradacasa" name="test_receipt_scan" time="0.000"><failure message="ValueError: non-hexadecimal number found in fromhex() arg at position 323">backend/tests/test_feiradacasa.py:84: in test_receipt_scan
    img = base64.b64encode(bytes.fromhex(
E   ValueError: non-hexadecimal number found in fromhex() arg at position 323</failure></testcase><testcase classname="backend.tests.test_feiradacasa" name="test_receipt_commit" time="0.097" /><testcase classname="backend.tests.test_feiradacasa" name="test_community_post_get" time="0.218" /><testcase classname="backend.tests.test_feiradacasa" name="test_family_invite_join" time="0.505" /></testsuite></testsuites>